<?xml version="1.0" encoding="UTF-8"?>
<!-- Generated by org.testng.reporters.JUnitXMLReporter -->
<testsuite ignored="0" hostname="HKB_INDIA" failures="0" tests="1" name="FillForm PositiveTest" time="6.925" errors="0" timestamp="2023-08-09T15:10:29 IST">
  <testcase classname="hkbdevelopment.appium.BaseTest_General" name="@BeforeClass configAppium" time="6.86">
    <failure type="org.openqa.selenium.SessionNotCreatedException" message="Could not start a new session. Possible causes are invalid address of the remote server or browser start-up failure. 
Host info: host: &amp;apos;HKB_INDIA&amp;apos;, ip: &amp;apos;192.168.1.32&amp;apos;
Build info: version: &amp;apos;4.11.0&amp;apos;, revision: &amp;apos;040bc5406b&amp;apos;
System info: os.name: &amp;apos;Windows 11&amp;apos;, os.arch: &amp;apos;amd64&amp;apos;, os.version: &amp;apos;10.0&amp;apos;, java.version: &amp;apos;17.0.7&amp;apos;
Driver info: io.appium.java_client.android.AndroidDriver
Command: [null, newSession {capabilities=[{appium:chromedriverExecutable=C:\Users\hkb-d\eclipse-workspace\Appium\Drivers\chromedriver.exe, appium:deviceName=Swara, platformName=ANDROID, appium:automationName=UIAutomator2, appium:app=C:\Users\hkb-d\eclipse-workspace\AppiumFrameworkDesign1\src\test\java\Resource\General-Store.apk}], desiredCapabilities=Capabilities {appium:app: C:\Users\hkb-d\eclipse-work..., appium:automationName: UIAutomator2, appium:chromedriverExecutable: C:\Users\hkb-d\eclipse-work..., appium:deviceName: Swara, platformName: ANDROID}}]
Capabilities {appium:app: C:\Users\hkb-d\eclipse-work..., appium:automationName: UIAutomator2, appium:chromedriverExecutable: C:\Users\hkb-d\eclipse-work..., appium:deviceName: Swara, platformName: ANDROID}">
      <![CDATA[org.openqa.selenium.SessionNotCreatedException: Could not start a new session. Possible causes are invalid address of the remote server or browser start-up failure. 
Host info: host: 'HKB_INDIA', ip: '192.168.1.32'
Build info: version: '4.11.0', revision: '040bc5406b'
System info: os.name: 'Windows 11', os.arch: 'amd64', os.version: '10.0', java.version: '17.0.7'
Driver info: io.appium.java_client.android.AndroidDriver
Command: [null, newSession {capabilities=[{appium:chromedriverExecutable=C:\Users\hkb-d\eclipse-workspace\Appium\Drivers\chromedriver.exe, appium:deviceName=Swara, platformName=ANDROID, appium:automationName=UIAutomator2, appium:app=C:\Users\hkb-d\eclipse-workspace\AppiumFrameworkDesign1\src\test\java\Resource\General-Store.apk}], desiredCapabilities=Capabilities {appium:app: C:\Users\hkb-d\eclipse-work..., appium:automationName: UIAutomator2, appium:chromedriverExecutable: C:\Users\hkb-d\eclipse-work..., appium:deviceName: Swara, platformName: ANDROID}}]
Capabilities {appium:app: C:\Users\hkb-d\eclipse-work..., appium:automationName: UIAutomator2, appium:chromedriverExecutable: C:\Users\hkb-d\eclipse-work..., appium:deviceName: Swara, platformName: ANDROID}
at org.openqa.selenium.remote.RemoteWebDriver.execute(RemoteWebDriver.java:536)
at io.appium.java_client.AppiumDriver.startSession(AppiumDriver.java:274)
at org.openqa.selenium.remote.RemoteWebDriver.<init>(RemoteWebDriver.java:159)
at io.appium.java_client.AppiumDriver.<init>(AppiumDriver.java:89)
at io.appium.java_client.AppiumDriver.<init>(AppiumDriver.java:101)
at io.appium.java_client.android.AndroidDriver.<init>(AndroidDriver.java:113)
at hkbdevelopment.appium.BaseTest_General.configAppium(BaseTest_General.java:45)
at java.base/java.util.ArrayList.forEach(ArrayList.java:1511)
Caused by: java.lang.NoSuchMethodError: 'java.lang.String org.openqa.selenium.json.Json.toJson(java.lang.Object, int)'
at org.openqa.selenium.remote.NewSessionPayload.create(NewSessionPayload.java:126)
at org.openqa.selenium.remote.NewSessionPayload.create(NewSessionPayload.java:111)
at org.openqa.selenium.remote.NewSessionPayload.create(NewSessionPayload.java:105)
at io.appium.java_client.remote.AppiumProtocolHandshake.createSession(AppiumProtocolHandshake.java:101)
at io.appium.java_client.remote.AppiumCommandExecutor.createSession(AppiumCommandExecutor.java:182)
at io.appium.java_client.remote.AppiumCommandExecutor.execute(AppiumCommandExecutor.java:250)
at org.openqa.selenium.remote.RemoteWebDriver.execute(RemoteWebDriver.java:518)
... 32 more
... Removed 25 stack frames]]>
    </failure>
  </testcase> <!-- @BeforeClass configAppium -->
  <testcase classname="hkbdevelopment.appium.BaseTest_General" name="@AfterClass tearDown" time="0.0">
    <skipped/>
  </testcase> <!-- @AfterClass tearDown -->
  <testcase classname="hkbdevelopment.FillForm_PositiveTest" name="fillFormTest_PositiveFlow" time="0.001">
    <skipped/>
  </testcase> <!-- fillFormTest_PositiveFlow -->
</testsuite> <!-- FillForm PositiveTest -->
