<!DOCTYPE html>

<html>
  <head>
  <meta charset='utf-8'>
  <title>TestNG reports</title>

    <link type="text/css" href="testng-reports1.css" rel="stylesheet" id="ultra" />
    <link type="text/css" href="testng-reports.css" rel="stylesheet" id="retro" disabled="false"/>
    <script type="text/javascript" src="jquery-3.6.0.min.js"></script>
    <script type="text/javascript" src="testng-reports.js"></script>
    <script type="text/javascript" src="https://www.google.com/jsapi"></script>
    <script type='text/javascript'>
      google.load('visualization', '1', {packages:['table']});
      google.setOnLoadCallback(drawTable);
      var suiteTableInitFunctions = new Array();
      var suiteTableData = new Array();
    </script>
    <!--
      <script type="text/javascript" src="jquery-ui/js/jquery-ui-1.8.16.custom.min.js"></script>
     -->
  </head>

  <body>    <div class="top-banner-root">
      <span class="top-banner-title-font">Test results</span>
      <button id="button" class="button">Switch Retro Theme</button> <!-- button -->
      <br/>
      <span class="top-banner-font-1">1 suite</span>
    </div> <!-- top-banner-root -->
    <div class="navigator-root">
      <div class="navigator-suite-header">
        <span>All suites</span>
        <a href="#" title="Collapse/expand all the suites" class="collapse-all-link">
          <img src="collapseall.gif" class="collapse-all-icon">
          </img> <!-- collapse-all-icon -->
        </a> <!-- collapse-all-link -->
      </div> <!-- navigator-suite-header -->
      <div class="suite">
        <div class="rounded-window">
          <div class="suite-header light-rounded-window-top">
            <a href="#" panel-name="suite-Suite" class="navigator-link">
              <span class="suite-name border-skipped">Suite</span>
            </a> <!-- navigator-link -->
          </div> <!-- suite-header light-rounded-window-top -->
          <div class="navigator-suite-content">
            <div class="suite-section-title">
              <span>Info</span>
            </div> <!-- suite-section-title -->
            <div class="suite-section-content">
              <ul>
                <li>
                  <a href="#" panel-name="test-xml-Suite" class="navigator-link ">
                    <span>C:\Users\hkb-d\eclipse-workspace\AppiumFrameworkDesign1\testng.xml</span>
                  </a> <!-- navigator-link  -->
                </li>
                <li>
                  <a href="#" panel-name="testlist-Suite" class="navigator-link ">
                    <span class="test-stats">7 tests</span>
                  </a> <!-- navigator-link  -->
                </li>
                <li>
                  <a href="#" panel-name="group-Suite" class="navigator-link ">
                    <span>0 groups</span>
                  </a> <!-- navigator-link  -->
                </li>
                <li>
                  <a href="#" panel-name="times-Suite" class="navigator-link ">
                    <span>Times</span>
                  </a> <!-- navigator-link  -->
                </li>
                <li>
                  <a href="#" panel-name="reporter-Suite" class="navigator-link ">
                    <span>Reporter output</span>
                  </a> <!-- navigator-link  -->
                </li>
                <li>
                  <a href="#" panel-name="ignored-methods-Suite" class="navigator-link ">
                    <span>Ignored methods</span>
                  </a> <!-- navigator-link  -->
                </li>
                <li>
                  <a href="#" panel-name="chronological-Suite" class="navigator-link ">
                    <span>Chronological view</span>
                  </a> <!-- navigator-link  -->
                </li>
              </ul>
            </div> <!-- suite-section-content -->
            <div class="result-section">
              <div class="suite-section-title">
                <span>Results</span>
              </div> <!-- suite-section-title -->
              <div class="suite-section-content">
                <ul>
                  <li>
                    <span class="method-stats">7 methods,  7 skipped,  </span>
                  </li>
                  <li>
                    <span class="method-list-title skipped">Skipped methods</span>
                    <span class="show-or-hide-methods skipped">
                      <a href="#" panel-name="suite-Suite" class="hide-methods skipped suite-Suite"> (hide)</a> <!-- hide-methods skipped suite-Suite -->
                      <a href="#" panel-name="suite-Suite" class="show-methods skipped suite-Suite"> (show)</a> <!-- show-methods skipped suite-Suite -->
                    </span>
                    <div class="method-list-content skipped suite-Suite">
                      <span>
                        <img src="skipped.png" width="3%"/>
                        <a href="#" panel-name="suite-Suite" title="hkbdevelopment.HKB_Appium_Test" class="method navigator-link" hash-for-method="Appium_Test">Appium_Test</a> <!-- method navigator-link -->
                      </span>
                      <br/>
                      <span>
                        <img src="skipped.png" width="3%"/>
                        <a href="#" panel-name="suite-Suite" title="hkbdevelopment.HKB_Login_Test" class="method navigator-link" hash-for-method="Login_PositiveTest">Login_PositiveTest</a> <!-- method navigator-link -->
                      </span>
                      <br/>
                      <span>
                        <img src="skipped.png" width="3%"/>
                        <a href="#" panel-name="suite-Suite" title="hkbdevelopment.SwipeDemo_Gesture" class="method navigator-link" hash-for-method="SwipeDemoGesture">SwipeDemoGesture</a> <!-- method navigator-link -->
                      </span>
                      <br/>
                      <span>
                        <img src="skipped.png" width="3%"/>
                        <a href="#" panel-name="suite-Suite" title="hkbdevelopment.FillForm_PositiveTest" class="method navigator-link" hash-for-method="fillFormTest_PositiveFlow">fillFormTest_PositiveFlow</a> <!-- method navigator-link -->
                      </span>
                      <br/>
                      <span>
                        <img src="skipped.png" width="3%"/>
                        <a href="#" panel-name="suite-Suite" title="hkbdevelopment.FillForm_NegativeTest" class="method navigator-link" hash-for-method="fillFormTest_negativeFlow">fillFormTest_negativeFlow</a> <!-- method navigator-link -->
                      </span>
                      <br/>
                      <span>
                        <img src="skipped.png" width="3%"/>
                        <a href="#" panel-name="suite-Suite" title="hkbdevelopment.HandleHybridApp" class="method navigator-link" hash-for-method="handleHybridAppTest">handleHybridAppTest</a> <!-- method navigator-link -->
                      </span>
                      <br/>
                      <span>
                        <img src="skipped.png" width="3%"/>
                        <a href="#" panel-name="suite-Suite" title="hkbdevelopment.ValidateAmount" class="method navigator-link" hash-for-method="validateAmountTest">validateAmountTest</a> <!-- method navigator-link -->
                      </span>
                      <br/>
                    </div> <!-- method-list-content skipped suite-Suite -->
                  </li>
                </ul>
              </div> <!-- suite-section-content -->
            </div> <!-- result-section -->
          </div> <!-- navigator-suite-content -->
        </div> <!-- rounded-window -->
      </div> <!-- suite -->
    </div> <!-- navigator-root -->
    <div class="wrapper">
      <div class="main-panel-root">
        <div panel-name="suite-Suite" class="panel Suite">
          <div class="suite-Suite-class-skipped">
            <div class="main-panel-header rounded-window-top">
              <img src="skipped.png"/>
              <span class="class-name">hkbdevelopment.FillForm_NegativeTest</span>
            </div> <!-- main-panel-header rounded-window-top -->
            <div class="main-panel-content rounded-window-bottom">
              <div class="method">
                <div class="method-content">
                  <a name="fillFormTest_negativeFlow">
                  </a> <!-- fillFormTest_negativeFlow -->
                  <span class="method-name">fillFormTest_negativeFlow</span>
                  <div class="stack-trace">org.openqa.selenium.SessionNotCreatedException: Could not start a new session. Possible causes are invalid address of the remote server or browser start-up failure. 
Host info: host: &apos;HKB_INDIA&apos;, ip: &apos;192.168.1.32&apos;
Build info: version: &apos;4.11.0&apos;, revision: &apos;040bc5406b&apos;
System info: os.name: &apos;Windows 11&apos;, os.arch: &apos;amd64&apos;, os.version: &apos;10.0&apos;, java.version: &apos;17.0.7&apos;
Driver info: io.appium.java_client.android.AndroidDriver
Command: [null, newSession {capabilities=[{appium:chromedriverExecutable=C:\Users\hkb-d\eclipse-workspace\Appium\Drivers\chromedriver.exe, appium:deviceName=Swara, platformName=ANDROID, appium:automationName=UIAutomator2, appium:app=C:\Users\hkb-d\eclipse-workspace\AppiumFrameworkDesign1\src\test\java\Resource\General-Store.apk}], desiredCapabilities=Capabilities {appium:app: C:\Users\hkb-d\eclipse-work..., appium:automationName: UIAutomator2, appium:chromedriverExecutable: C:\Users\hkb-d\eclipse-work..., appium:deviceName: Swara, platformName: ANDROID}}]
Capabilities {appium:app: C:\Users\hkb-d\eclipse-work..., appium:automationName: UIAutomator2, appium:chromedriverExecutable: C:\Users\hkb-d\eclipse-work..., appium:deviceName: Swara, platformName: ANDROID}
	at org.openqa.selenium.remote.RemoteWebDriver.execute(RemoteWebDriver.java:536)
	at io.appium.java_client.AppiumDriver.startSession(AppiumDriver.java:274)
	at org.openqa.selenium.remote.RemoteWebDriver.&lt;init&gt;(RemoteWebDriver.java:159)
	at io.appium.java_client.AppiumDriver.&lt;init&gt;(AppiumDriver.java:89)
	at io.appium.java_client.AppiumDriver.&lt;init&gt;(AppiumDriver.java:101)
	at io.appium.java_client.android.AndroidDriver.&lt;init&gt;(AndroidDriver.java:113)
	at hkbdevelopment.appium.BaseTest_General.configAppium(BaseTest_General.java:45)
	at java.base/java.util.ArrayList.forEach(ArrayList.java:1511)
Caused by: java.lang.NoSuchMethodError: &apos;java.lang.String org.openqa.selenium.json.Json.toJson(java.lang.Object, int)&apos;
	at org.openqa.selenium.remote.NewSessionPayload.create(NewSessionPayload.java:126)
	at org.openqa.selenium.remote.NewSessionPayload.create(NewSessionPayload.java:111)
	at org.openqa.selenium.remote.NewSessionPayload.create(NewSessionPayload.java:105)
	at io.appium.java_client.remote.AppiumProtocolHandshake.createSession(AppiumProtocolHandshake.java:101)
	at io.appium.java_client.remote.AppiumCommandExecutor.createSession(AppiumCommandExecutor.java:182)
	at io.appium.java_client.remote.AppiumCommandExecutor.execute(AppiumCommandExecutor.java:250)
	at org.openqa.selenium.remote.RemoteWebDriver.execute(RemoteWebDriver.java:518)
	... 32 more
... Removed 25 stack frames
</div> <!-- stack-trace -->
                </div> <!-- method-content -->
              </div> <!-- method -->
            </div> <!-- main-panel-content rounded-window-bottom -->
          </div> <!-- suite-Suite-class-skipped -->
          <div class="suite-Suite-class-skipped">
            <div class="main-panel-header rounded-window-top">
              <img src="skipped.png"/>
              <span class="class-name">hkbdevelopment.ValidateAmount</span>
            </div> <!-- main-panel-header rounded-window-top -->
            <div class="main-panel-content rounded-window-bottom">
              <div class="method">
                <div class="method-content">
                  <a name="validateAmountTest">
                  </a> <!-- validateAmountTest -->
                  <span class="method-name">validateAmountTest</span>
                  <div class="stack-trace">org.openqa.selenium.SessionNotCreatedException: Could not start a new session. Possible causes are invalid address of the remote server or browser start-up failure. 
Host info: host: &apos;HKB_INDIA&apos;, ip: &apos;192.168.1.32&apos;
Build info: version: &apos;4.11.0&apos;, revision: &apos;040bc5406b&apos;
System info: os.name: &apos;Windows 11&apos;, os.arch: &apos;amd64&apos;, os.version: &apos;10.0&apos;, java.version: &apos;17.0.7&apos;
Driver info: io.appium.java_client.android.AndroidDriver
Command: [null, newSession {capabilities=[{appium:chromedriverExecutable=C:\Users\hkb-d\eclipse-workspace\Appium\Drivers\chromedriver.exe, appium:deviceName=Swara, platformName=ANDROID, appium:automationName=UIAutomator2, appium:app=C:\Users\hkb-d\eclipse-workspace\AppiumFrameworkDesign1\src\test\java\Resource\General-Store.apk}], desiredCapabilities=Capabilities {appium:app: C:\Users\hkb-d\eclipse-work..., appium:automationName: UIAutomator2, appium:chromedriverExecutable: C:\Users\hkb-d\eclipse-work..., appium:deviceName: Swara, platformName: ANDROID}}]
Capabilities {appium:app: C:\Users\hkb-d\eclipse-work..., appium:automationName: UIAutomator2, appium:chromedriverExecutable: C:\Users\hkb-d\eclipse-work..., appium:deviceName: Swara, platformName: ANDROID}
	at org.openqa.selenium.remote.RemoteWebDriver.execute(RemoteWebDriver.java:536)
	at io.appium.java_client.AppiumDriver.startSession(AppiumDriver.java:274)
	at org.openqa.selenium.remote.RemoteWebDriver.&lt;init&gt;(RemoteWebDriver.java:159)
	at io.appium.java_client.AppiumDriver.&lt;init&gt;(AppiumDriver.java:89)
	at io.appium.java_client.AppiumDriver.&lt;init&gt;(AppiumDriver.java:101)
	at io.appium.java_client.android.AndroidDriver.&lt;init&gt;(AndroidDriver.java:113)
	at hkbdevelopment.appium.BaseTest_General.configAppium(BaseTest_General.java:45)
	at java.base/java.util.ArrayList.forEach(ArrayList.java:1511)
Caused by: java.lang.NoSuchMethodError: &apos;java.lang.String org.openqa.selenium.json.Json.toJson(java.lang.Object, int)&apos;
	at org.openqa.selenium.remote.NewSessionPayload.create(NewSessionPayload.java:126)
	at org.openqa.selenium.remote.NewSessionPayload.create(NewSessionPayload.java:111)
	at org.openqa.selenium.remote.NewSessionPayload.create(NewSessionPayload.java:105)
	at io.appium.java_client.remote.AppiumProtocolHandshake.createSession(AppiumProtocolHandshake.java:101)
	at io.appium.java_client.remote.AppiumCommandExecutor.createSession(AppiumCommandExecutor.java:182)
	at io.appium.java_client.remote.AppiumCommandExecutor.execute(AppiumCommandExecutor.java:250)
	at org.openqa.selenium.remote.RemoteWebDriver.execute(RemoteWebDriver.java:518)
	... 32 more
... Removed 25 stack frames
</div> <!-- stack-trace -->
                </div> <!-- method-content -->
              </div> <!-- method -->
            </div> <!-- main-panel-content rounded-window-bottom -->
          </div> <!-- suite-Suite-class-skipped -->
          <div class="suite-Suite-class-skipped">
            <div class="main-panel-header rounded-window-top">
              <img src="skipped.png"/>
              <span class="class-name">hkbdevelopment.FillForm_PositiveTest</span>
            </div> <!-- main-panel-header rounded-window-top -->
            <div class="main-panel-content rounded-window-bottom">
              <div class="method">
                <div class="method-content">
                  <a name="fillFormTest_PositiveFlow">
                  </a> <!-- fillFormTest_PositiveFlow -->
                  <span class="method-name">fillFormTest_PositiveFlow</span>
                  <div class="stack-trace">org.openqa.selenium.SessionNotCreatedException: Could not start a new session. Possible causes are invalid address of the remote server or browser start-up failure. 
Host info: host: &apos;HKB_INDIA&apos;, ip: &apos;192.168.1.32&apos;
Build info: version: &apos;4.11.0&apos;, revision: &apos;040bc5406b&apos;
System info: os.name: &apos;Windows 11&apos;, os.arch: &apos;amd64&apos;, os.version: &apos;10.0&apos;, java.version: &apos;17.0.7&apos;
Driver info: io.appium.java_client.android.AndroidDriver
Command: [null, newSession {capabilities=[{appium:chromedriverExecutable=C:\Users\hkb-d\eclipse-workspace\Appium\Drivers\chromedriver.exe, appium:deviceName=Swara, platformName=ANDROID, appium:automationName=UIAutomator2, appium:app=C:\Users\hkb-d\eclipse-workspace\AppiumFrameworkDesign1\src\test\java\Resource\General-Store.apk}], desiredCapabilities=Capabilities {appium:app: C:\Users\hkb-d\eclipse-work..., appium:automationName: UIAutomator2, appium:chromedriverExecutable: C:\Users\hkb-d\eclipse-work..., appium:deviceName: Swara, platformName: ANDROID}}]
Capabilities {appium:app: C:\Users\hkb-d\eclipse-work..., appium:automationName: UIAutomator2, appium:chromedriverExecutable: C:\Users\hkb-d\eclipse-work..., appium:deviceName: Swara, platformName: ANDROID}
	at org.openqa.selenium.remote.RemoteWebDriver.execute(RemoteWebDriver.java:536)
	at io.appium.java_client.AppiumDriver.startSession(AppiumDriver.java:274)
	at org.openqa.selenium.remote.RemoteWebDriver.&lt;init&gt;(RemoteWebDriver.java:159)
	at io.appium.java_client.AppiumDriver.&lt;init&gt;(AppiumDriver.java:89)
	at io.appium.java_client.AppiumDriver.&lt;init&gt;(AppiumDriver.java:101)
	at io.appium.java_client.android.AndroidDriver.&lt;init&gt;(AndroidDriver.java:113)
	at hkbdevelopment.appium.BaseTest_General.configAppium(BaseTest_General.java:45)
	at java.base/java.util.ArrayList.forEach(ArrayList.java:1511)
Caused by: java.lang.NoSuchMethodError: &apos;java.lang.String org.openqa.selenium.json.Json.toJson(java.lang.Object, int)&apos;
	at org.openqa.selenium.remote.NewSessionPayload.create(NewSessionPayload.java:126)
	at org.openqa.selenium.remote.NewSessionPayload.create(NewSessionPayload.java:111)
	at org.openqa.selenium.remote.NewSessionPayload.create(NewSessionPayload.java:105)
	at io.appium.java_client.remote.AppiumProtocolHandshake.createSession(AppiumProtocolHandshake.java:101)
	at io.appium.java_client.remote.AppiumCommandExecutor.createSession(AppiumCommandExecutor.java:182)
	at io.appium.java_client.remote.AppiumCommandExecutor.execute(AppiumCommandExecutor.java:250)
	at org.openqa.selenium.remote.RemoteWebDriver.execute(RemoteWebDriver.java:518)
	... 32 more
... Removed 25 stack frames
</div> <!-- stack-trace -->
                </div> <!-- method-content -->
              </div> <!-- method -->
            </div> <!-- main-panel-content rounded-window-bottom -->
          </div> <!-- suite-Suite-class-skipped -->
          <div class="suite-Suite-class-skipped">
            <div class="main-panel-header rounded-window-top">
              <img src="skipped.png"/>
              <span class="class-name">hkbdevelopment.HKB_Appium_Test</span>
            </div> <!-- main-panel-header rounded-window-top -->
            <div class="main-panel-content rounded-window-bottom">
              <div class="method">
                <div class="method-content">
                  <a name="Appium_Test">
                  </a> <!-- Appium_Test -->
                  <span class="method-name">Appium_Test</span>
                  <div class="stack-trace">org.openqa.selenium.SessionNotCreatedException: Could not start a new session. Possible causes are invalid address of the remote server or browser start-up failure. 
Host info: host: &apos;HKB_INDIA&apos;, ip: &apos;192.168.1.32&apos;
Build info: version: &apos;4.11.0&apos;, revision: &apos;040bc5406b&apos;
System info: os.name: &apos;Windows 11&apos;, os.arch: &apos;amd64&apos;, os.version: &apos;10.0&apos;, java.version: &apos;17.0.7&apos;
Driver info: io.appium.java_client.android.AndroidDriver
Command: [null, newSession {capabilities=[{appium:deviceName=Xiaomi M2006C3MG, platformName=ANDROID, appium:automationName=UIAutomator2, appium:app=C:\Users\hkb-d\eclipse-workspace\AppiumFrameworkDesign1\src\test\java\Resource\app-debug.apk}], desiredCapabilities=Capabilities {appium:app: C:\Users\hkb-d\eclipse-work..., appium:automationName: UIAutomator2, appium:deviceName: Xiaomi M2006C3MG, platformName: ANDROID}}]
Capabilities {appium:app: C:\Users\hkb-d\eclipse-work..., appium:automationName: UIAutomator2, appium:deviceName: Xiaomi M2006C3MG, platformName: ANDROID}
	at org.openqa.selenium.remote.RemoteWebDriver.execute(RemoteWebDriver.java:536)
	at io.appium.java_client.AppiumDriver.startSession(AppiumDriver.java:274)
	at org.openqa.selenium.remote.RemoteWebDriver.&lt;init&gt;(RemoteWebDriver.java:159)
	at io.appium.java_client.AppiumDriver.&lt;init&gt;(AppiumDriver.java:89)
	at io.appium.java_client.AppiumDriver.&lt;init&gt;(AppiumDriver.java:101)
	at io.appium.java_client.android.AndroidDriver.&lt;init&gt;(AndroidDriver.java:113)
	at hkbdevelopment.appium.BaseTest_HKB.configAppium(BaseTest_HKB.java:34)
	at java.base/java.util.ArrayList.forEach(ArrayList.java:1511)
Caused by: java.lang.NoSuchMethodError: &apos;java.lang.String org.openqa.selenium.json.Json.toJson(java.lang.Object, int)&apos;
	at org.openqa.selenium.remote.NewSessionPayload.create(NewSessionPayload.java:126)
	at org.openqa.selenium.remote.NewSessionPayload.create(NewSessionPayload.java:111)
	at org.openqa.selenium.remote.NewSessionPayload.create(NewSessionPayload.java:105)
	at io.appium.java_client.remote.AppiumProtocolHandshake.createSession(AppiumProtocolHandshake.java:101)
	at io.appium.java_client.remote.AppiumCommandExecutor.createSession(AppiumCommandExecutor.java:182)
	at io.appium.java_client.remote.AppiumCommandExecutor.execute(AppiumCommandExecutor.java:250)
	at org.openqa.selenium.remote.RemoteWebDriver.execute(RemoteWebDriver.java:518)
	... 32 more
... Removed 25 stack frames
</div> <!-- stack-trace -->
                </div> <!-- method-content -->
              </div> <!-- method -->
            </div> <!-- main-panel-content rounded-window-bottom -->
          </div> <!-- suite-Suite-class-skipped -->
          <div class="suite-Suite-class-skipped">
            <div class="main-panel-header rounded-window-top">
              <img src="skipped.png"/>
              <span class="class-name">hkbdevelopment.SwipeDemo_Gesture</span>
            </div> <!-- main-panel-header rounded-window-top -->
            <div class="main-panel-content rounded-window-bottom">
              <div class="method">
                <div class="method-content">
                  <a name="SwipeDemoGesture">
                  </a> <!-- SwipeDemoGesture -->
                  <span class="method-name">SwipeDemoGesture</span>
                  <div class="stack-trace">org.openqa.selenium.SessionNotCreatedException: Could not start a new session. Possible causes are invalid address of the remote server or browser start-up failure. 
Host info: host: &apos;HKB_INDIA&apos;, ip: &apos;192.168.1.32&apos;
Build info: version: &apos;4.11.0&apos;, revision: &apos;040bc5406b&apos;
System info: os.name: &apos;Windows 11&apos;, os.arch: &apos;amd64&apos;, os.version: &apos;10.0&apos;, java.version: &apos;17.0.7&apos;
Driver info: io.appium.java_client.android.AndroidDriver
Command: [null, newSession {capabilities=[{appium:deviceName=Swara, platformName=ANDROID, appium:automationName=UIAutomator2, appium:app=C:\Users\hkb-d\eclipse-workspace\AppiumFrameworkDesign1\src\test\java\Resource\ApiDemos-debug.apk}], desiredCapabilities=Capabilities {appium:app: C:\Users\hkb-d\eclipse-work..., appium:automationName: UIAutomator2, appium:deviceName: Swara, platformName: ANDROID}}]
Capabilities {appium:app: C:\Users\hkb-d\eclipse-work..., appium:automationName: UIAutomator2, appium:deviceName: Swara, platformName: ANDROID}
	at org.openqa.selenium.remote.RemoteWebDriver.execute(RemoteWebDriver.java:536)
	at io.appium.java_client.AppiumDriver.startSession(AppiumDriver.java:274)
	at org.openqa.selenium.remote.RemoteWebDriver.&lt;init&gt;(RemoteWebDriver.java:159)
	at io.appium.java_client.AppiumDriver.&lt;init&gt;(AppiumDriver.java:89)
	at io.appium.java_client.AppiumDriver.&lt;init&gt;(AppiumDriver.java:101)
	at io.appium.java_client.android.AndroidDriver.&lt;init&gt;(AndroidDriver.java:113)
	at hkbdevelopment.appium.BaseTest_API.configAppium(BaseTest_API.java:38)
	at java.base/java.util.ArrayList.forEach(ArrayList.java:1511)
Caused by: java.lang.NoSuchMethodError: &apos;java.lang.String org.openqa.selenium.json.Json.toJson(java.lang.Object, int)&apos;
	at org.openqa.selenium.remote.NewSessionPayload.create(NewSessionPayload.java:126)
	at org.openqa.selenium.remote.NewSessionPayload.create(NewSessionPayload.java:111)
	at org.openqa.selenium.remote.NewSessionPayload.create(NewSessionPayload.java:105)
	at io.appium.java_client.remote.AppiumProtocolHandshake.createSession(AppiumProtocolHandshake.java:101)
	at io.appium.java_client.remote.AppiumCommandExecutor.createSession(AppiumCommandExecutor.java:182)
	at io.appium.java_client.remote.AppiumCommandExecutor.execute(AppiumCommandExecutor.java:250)
	at org.openqa.selenium.remote.RemoteWebDriver.execute(RemoteWebDriver.java:518)
	... 32 more
... Removed 25 stack frames
</div> <!-- stack-trace -->
                </div> <!-- method-content -->
              </div> <!-- method -->
            </div> <!-- main-panel-content rounded-window-bottom -->
          </div> <!-- suite-Suite-class-skipped -->
          <div class="suite-Suite-class-skipped">
            <div class="main-panel-header rounded-window-top">
              <img src="skipped.png"/>
              <span class="class-name">hkbdevelopment.HKB_Login_Test</span>
            </div> <!-- main-panel-header rounded-window-top -->
            <div class="main-panel-content rounded-window-bottom">
              <div class="method">
                <div class="method-content">
                  <a name="Login_PositiveTest">
                  </a> <!-- Login_PositiveTest -->
                  <span class="method-name">Login_PositiveTest</span>
                  <div class="stack-trace">org.openqa.selenium.SessionNotCreatedException: Could not start a new session. Possible causes are invalid address of the remote server or browser start-up failure. 
Host info: host: &apos;HKB_INDIA&apos;, ip: &apos;192.168.1.32&apos;
Build info: version: &apos;4.11.0&apos;, revision: &apos;040bc5406b&apos;
System info: os.name: &apos;Windows 11&apos;, os.arch: &apos;amd64&apos;, os.version: &apos;10.0&apos;, java.version: &apos;17.0.7&apos;
Driver info: io.appium.java_client.android.AndroidDriver
Command: [null, newSession {capabilities=[{appium:deviceName=Xiaomi M2006C3MG, platformName=ANDROID, appium:automationName=UIAutomator2, appium:app=C:\Users\hkb-d\eclipse-workspace\AppiumFrameworkDesign1\src\test\java\Resource\app-debug.apk}], desiredCapabilities=Capabilities {appium:app: C:\Users\hkb-d\eclipse-work..., appium:automationName: UIAutomator2, appium:deviceName: Xiaomi M2006C3MG, platformName: ANDROID}}]
Capabilities {appium:app: C:\Users\hkb-d\eclipse-work..., appium:automationName: UIAutomator2, appium:deviceName: Xiaomi M2006C3MG, platformName: ANDROID}
	at org.openqa.selenium.remote.RemoteWebDriver.execute(RemoteWebDriver.java:536)
	at io.appium.java_client.AppiumDriver.startSession(AppiumDriver.java:274)
	at org.openqa.selenium.remote.RemoteWebDriver.&lt;init&gt;(RemoteWebDriver.java:159)
	at io.appium.java_client.AppiumDriver.&lt;init&gt;(AppiumDriver.java:89)
	at io.appium.java_client.AppiumDriver.&lt;init&gt;(AppiumDriver.java:101)
	at io.appium.java_client.android.AndroidDriver.&lt;init&gt;(AndroidDriver.java:113)
	at hkbdevelopment.appium.BaseTest_HKB.configAppium(BaseTest_HKB.java:34)
	at java.base/java.util.ArrayList.forEach(ArrayList.java:1511)
Caused by: java.lang.NoSuchMethodError: &apos;java.lang.String org.openqa.selenium.json.Json.toJson(java.lang.Object, int)&apos;
	at org.openqa.selenium.remote.NewSessionPayload.create(NewSessionPayload.java:126)
	at org.openqa.selenium.remote.NewSessionPayload.create(NewSessionPayload.java:111)
	at org.openqa.selenium.remote.NewSessionPayload.create(NewSessionPayload.java:105)
	at io.appium.java_client.remote.AppiumProtocolHandshake.createSession(AppiumProtocolHandshake.java:101)
	at io.appium.java_client.remote.AppiumCommandExecutor.createSession(AppiumCommandExecutor.java:182)
	at io.appium.java_client.remote.AppiumCommandExecutor.execute(AppiumCommandExecutor.java:250)
	at org.openqa.selenium.remote.RemoteWebDriver.execute(RemoteWebDriver.java:518)
	... 32 more
... Removed 25 stack frames
</div> <!-- stack-trace -->
                </div> <!-- method-content -->
              </div> <!-- method -->
            </div> <!-- main-panel-content rounded-window-bottom -->
          </div> <!-- suite-Suite-class-skipped -->
          <div class="suite-Suite-class-skipped">
            <div class="main-panel-header rounded-window-top">
              <img src="skipped.png"/>
              <span class="class-name">hkbdevelopment.HandleHybridApp</span>
            </div> <!-- main-panel-header rounded-window-top -->
            <div class="main-panel-content rounded-window-bottom">
              <div class="method">
                <div class="method-content">
                  <a name="handleHybridAppTest">
                  </a> <!-- handleHybridAppTest -->
                  <span class="method-name">handleHybridAppTest</span>
                  <div class="stack-trace">org.openqa.selenium.SessionNotCreatedException: Could not start a new session. Possible causes are invalid address of the remote server or browser start-up failure. 
Host info: host: &apos;HKB_INDIA&apos;, ip: &apos;192.168.1.32&apos;
Build info: version: &apos;4.11.0&apos;, revision: &apos;040bc5406b&apos;
System info: os.name: &apos;Windows 11&apos;, os.arch: &apos;amd64&apos;, os.version: &apos;10.0&apos;, java.version: &apos;17.0.7&apos;
Driver info: io.appium.java_client.android.AndroidDriver
Command: [null, newSession {capabilities=[{appium:chromedriverExecutable=C:\Users\hkb-d\eclipse-workspace\Appium\Drivers\chromedriver.exe, appium:deviceName=Swara, platformName=ANDROID, appium:automationName=UIAutomator2, appium:app=C:\Users\hkb-d\eclipse-workspace\AppiumFrameworkDesign1\src\test\java\Resource\General-Store.apk}], desiredCapabilities=Capabilities {appium:app: C:\Users\hkb-d\eclipse-work..., appium:automationName: UIAutomator2, appium:chromedriverExecutable: C:\Users\hkb-d\eclipse-work..., appium:deviceName: Swara, platformName: ANDROID}}]
Capabilities {appium:app: C:\Users\hkb-d\eclipse-work..., appium:automationName: UIAutomator2, appium:chromedriverExecutable: C:\Users\hkb-d\eclipse-work..., appium:deviceName: Swara, platformName: ANDROID}
	at org.openqa.selenium.remote.RemoteWebDriver.execute(RemoteWebDriver.java:536)
	at io.appium.java_client.AppiumDriver.startSession(AppiumDriver.java:274)
	at org.openqa.selenium.remote.RemoteWebDriver.&lt;init&gt;(RemoteWebDriver.java:159)
	at io.appium.java_client.AppiumDriver.&lt;init&gt;(AppiumDriver.java:89)
	at io.appium.java_client.AppiumDriver.&lt;init&gt;(AppiumDriver.java:101)
	at io.appium.java_client.android.AndroidDriver.&lt;init&gt;(AndroidDriver.java:113)
	at hkbdevelopment.appium.BaseTest_General.configAppium(BaseTest_General.java:45)
	at java.base/java.util.ArrayList.forEach(ArrayList.java:1511)
Caused by: java.lang.NoSuchMethodError: &apos;java.lang.String org.openqa.selenium.json.Json.toJson(java.lang.Object, int)&apos;
	at org.openqa.selenium.remote.NewSessionPayload.create(NewSessionPayload.java:126)
	at org.openqa.selenium.remote.NewSessionPayload.create(NewSessionPayload.java:111)
	at org.openqa.selenium.remote.NewSessionPayload.create(NewSessionPayload.java:105)
	at io.appium.java_client.remote.AppiumProtocolHandshake.createSession(AppiumProtocolHandshake.java:101)
	at io.appium.java_client.remote.AppiumCommandExecutor.createSession(AppiumCommandExecutor.java:182)
	at io.appium.java_client.remote.AppiumCommandExecutor.execute(AppiumCommandExecutor.java:250)
	at org.openqa.selenium.remote.RemoteWebDriver.execute(RemoteWebDriver.java:518)
	... 32 more
... Removed 25 stack frames
</div> <!-- stack-trace -->
                </div> <!-- method-content -->
              </div> <!-- method -->
            </div> <!-- main-panel-content rounded-window-bottom -->
          </div> <!-- suite-Suite-class-skipped -->
        </div> <!-- panel Suite -->
        <div panel-name="test-xml-Suite" class="panel">
          <div class="main-panel-header rounded-window-top">
            <span class="header-content">C:\Users\hkb-d\eclipse-workspace\AppiumFrameworkDesign1\testng.xml</span>
          </div> <!-- main-panel-header rounded-window-top -->
          <div class="main-panel-content rounded-window-bottom">
            <pre>
&lt;?xml version=&quot;1.0&quot; encoding=&quot;UTF-8&quot;?&gt;
&lt;!DOCTYPE suite SYSTEM &quot;https://testng.org/testng-1.0.dtd&quot;&gt;
&lt;suite name=&quot;Suite&quot; guice-stage=&quot;DEVELOPMENT&quot;&gt;
  &lt;listeners&gt;
    &lt;listener class-name=&quot;hkbdevelopment.appium.ListnersTestNG&quot;/&gt;
  &lt;/listeners&gt;
  &lt;test thread-count=&quot;5&quot; name=&quot;FillForm PositiveTest&quot;&gt;
    &lt;classes&gt;
      &lt;class name=&quot;hkbdevelopment.FillForm_PositiveTest&quot;/&gt;
    &lt;/classes&gt;
  &lt;/test&gt; &lt;!-- FillForm PositiveTest --&gt;
  &lt;test thread-count=&quot;5&quot; name=&quot;FillForm NegativeTest&quot;&gt;
    &lt;classes&gt;
      &lt;class name=&quot;hkbdevelopment.FillForm_NegativeTest&quot;/&gt;
    &lt;/classes&gt;
  &lt;/test&gt; &lt;!-- FillForm NegativeTest --&gt;
  &lt;test thread-count=&quot;5&quot; name=&quot;ValidateAmount Test&quot;&gt;
    &lt;classes&gt;
      &lt;class name=&quot;hkbdevelopment.ValidateAmount&quot;/&gt;
    &lt;/classes&gt;
  &lt;/test&gt; &lt;!-- ValidateAmount Test --&gt;
  &lt;test thread-count=&quot;5&quot; name=&quot;HandleHybridApp Test&quot;&gt;
    &lt;classes&gt;
      &lt;class name=&quot;hkbdevelopment.HandleHybridApp&quot;/&gt;
    &lt;/classes&gt;
  &lt;/test&gt; &lt;!-- HandleHybridApp Test --&gt;
  &lt;test thread-count=&quot;5&quot; name=&quot;HKB Login Test&quot;&gt;
    &lt;classes&gt;
      &lt;class name=&quot;hkbdevelopment.HKB_Login_Test&quot;/&gt;
    &lt;/classes&gt;
  &lt;/test&gt; &lt;!-- HKB Login Test --&gt;
  &lt;test thread-count=&quot;5&quot; name=&quot;HKB Appium Test&quot;&gt;
    &lt;classes&gt;
      &lt;class name=&quot;hkbdevelopment.HKB_Appium_Test&quot;/&gt;
    &lt;/classes&gt;
  &lt;/test&gt; &lt;!-- HKB Appium Test --&gt;
  &lt;test thread-count=&quot;5&quot; name=&quot;Swipe Gesture Test&quot;&gt;
    &lt;classes&gt;
      &lt;class name=&quot;hkbdevelopment.SwipeDemo_Gesture&quot;/&gt;
    &lt;/classes&gt;
  &lt;/test&gt; &lt;!-- Swipe Gesture Test --&gt;
&lt;/suite&gt; &lt;!-- Suite --&gt;
            </pre>
          </div> <!-- main-panel-content rounded-window-bottom -->
        </div> <!-- panel -->
        <div panel-name="testlist-Suite" class="panel">
          <div class="main-panel-header rounded-window-top">
            <span class="header-content">Tests for Suite</span>
          </div> <!-- main-panel-header rounded-window-top -->
          <div class="main-panel-content rounded-window-bottom">
            <ul>
              <li>
                <span class="test-name">FillForm PositiveTest (1 class)</span>
              </li>
              <li>
                <span class="test-name">FillForm NegativeTest (1 class)</span>
              </li>
              <li>
                <span class="test-name">ValidateAmount Test (1 class)</span>
              </li>
              <li>
                <span class="test-name">HandleHybridApp Test (1 class)</span>
              </li>
              <li>
                <span class="test-name">HKB Login Test (1 class)</span>
              </li>
              <li>
                <span class="test-name">HKB Appium Test (1 class)</span>
              </li>
              <li>
                <span class="test-name">Swipe Gesture Test (1 class)</span>
              </li>
            </ul>
          </div> <!-- main-panel-content rounded-window-bottom -->
        </div> <!-- panel -->
        <div panel-name="group-Suite" class="panel">
          <div class="main-panel-header rounded-window-top">
            <span class="header-content">Groups for Suite</span>
          </div> <!-- main-panel-header rounded-window-top -->
          <div class="main-panel-content rounded-window-bottom">
          </div> <!-- main-panel-content rounded-window-bottom -->
        </div> <!-- panel -->
        <div panel-name="times-Suite" class="panel">
          <div class="main-panel-header rounded-window-top">
            <span class="header-content">Times for Suite</span>
          </div> <!-- main-panel-header rounded-window-top -->
          <div class="main-panel-content rounded-window-bottom">
            <div class="times-div">
              <script type="text/javascript">
suiteTableInitFunctions.push('tableData_Suite');
function tableData_Suite() {
var data = new google.visualization.DataTable();
data.addColumn('number', 'Number');
data.addColumn('string', 'Method');
data.addColumn('string', 'Class');
data.addColumn('number', 'Time (ms)');
data.addRows(7);
data.setCell(0, 0, 0)
data.setCell(0, 1, 'fillFormTest_PositiveFlow')
data.setCell(0, 2, 'hkbdevelopment.FillForm_PositiveTest')
data.setCell(0, 3, 1);
data.setCell(1, 0, 1)
data.setCell(1, 1, 'fillFormTest_negativeFlow')
data.setCell(1, 2, 'hkbdevelopment.FillForm_NegativeTest')
data.setCell(1, 3, 0);
data.setCell(2, 0, 2)
data.setCell(2, 1, 'validateAmountTest')
data.setCell(2, 2, 'hkbdevelopment.ValidateAmount')
data.setCell(2, 3, 0);
data.setCell(3, 0, 3)
data.setCell(3, 1, 'handleHybridAppTest')
data.setCell(3, 2, 'hkbdevelopment.HandleHybridApp')
data.setCell(3, 3, 0);
data.setCell(4, 0, 4)
data.setCell(4, 1, 'Login_PositiveTest')
data.setCell(4, 2, 'hkbdevelopment.HKB_Login_Test')
data.setCell(4, 3, 0);
data.setCell(5, 0, 5)
data.setCell(5, 1, 'Appium_Test')
data.setCell(5, 2, 'hkbdevelopment.HKB_Appium_Test')
data.setCell(5, 3, 0);
data.setCell(6, 0, 6)
data.setCell(6, 1, 'SwipeDemoGesture')
data.setCell(6, 2, 'hkbdevelopment.SwipeDemo_Gesture')
data.setCell(6, 3, 0);
window.suiteTableData['Suite']= { tableData: data, tableDiv: 'times-div-Suite'}
return data;
}
              </script>
              <span class="suite-total-time">Total running time: 1 ms</span>
              <div id="times-div-Suite">
              </div> <!-- times-div-Suite -->
            </div> <!-- times-div -->
          </div> <!-- main-panel-content rounded-window-bottom -->
        </div> <!-- panel -->
        <div panel-name="reporter-Suite" class="panel">
          <div class="main-panel-header rounded-window-top">
            <span class="header-content">Reporter output for Suite</span>
          </div> <!-- main-panel-header rounded-window-top -->
          <div class="main-panel-content rounded-window-bottom">
          </div> <!-- main-panel-content rounded-window-bottom -->
        </div> <!-- panel -->
        <div panel-name="ignored-methods-Suite" class="panel">
          <div class="main-panel-header rounded-window-top">
            <span class="header-content">0 ignored methods</span>
          </div> <!-- main-panel-header rounded-window-top -->
          <div class="main-panel-content rounded-window-bottom">
          </div> <!-- main-panel-content rounded-window-bottom -->
        </div> <!-- panel -->
        <div panel-name="chronological-Suite" class="panel">
          <div class="main-panel-header rounded-window-top">
            <span class="header-content">Methods in chronological order</span>
          </div> <!-- main-panel-header rounded-window-top -->
          <div class="main-panel-content rounded-window-bottom">
            <div class="chronological-class">
              <div class="chronological-class-name">hkbdevelopment.FillForm_PositiveTest</div> <!-- chronological-class-name -->
              <div class="configuration-class before">
                <img src="failed.png">
                </img>
                <span class="method-name">configAppium</span>
                <span class="method-start">0 ms</span>
              </div> <!-- configuration-class before -->
              <div class="test-method">
                <span class="method-name">fillFormTest_PositiveFlow</span>
                <span class="method-start">6876 ms</span>
              </div> <!-- test-method -->
              <div class="configuration-class after">
                <span class="method-name">tearDown</span>
                <span class="method-start">6887 ms</span>
              </div> <!-- configuration-class after -->
            </div> <!-- chronological-class -->
            <div class="chronological-class">
              <div class="chronological-class-name">hkbdevelopment.FillForm_NegativeTest</div> <!-- chronological-class-name -->
              <div class="configuration-class before">
                <img src="failed.png">
                </img>
                <span class="method-name">configAppium</span>
                <span class="method-start">7180 ms</span>
              </div> <!-- configuration-class before -->
              <div class="test-method">
                <span class="method-name">fillFormTest_negativeFlow</span>
                <span class="method-start">7198 ms</span>
              </div> <!-- test-method -->
              <div class="configuration-class after">
                <span class="method-name">tearDown</span>
                <span class="method-start">7203 ms</span>
              </div> <!-- configuration-class after -->
            </div> <!-- chronological-class -->
            <div class="chronological-class">
              <div class="chronological-class-name">hkbdevelopment.ValidateAmount</div> <!-- chronological-class-name -->
              <div class="configuration-class before">
                <img src="failed.png">
                </img>
                <span class="method-name">configAppium</span>
                <span class="method-start">7238 ms</span>
              </div> <!-- configuration-class before -->
              <div class="test-method">
                <span class="method-name">validateAmountTest</span>
                <span class="method-start">7261 ms</span>
              </div> <!-- test-method -->
              <div class="configuration-class after">
                <span class="method-name">tearDown</span>
                <span class="method-start">7267 ms</span>
              </div> <!-- configuration-class after -->
            </div> <!-- chronological-class -->
            <div class="chronological-class">
              <div class="chronological-class-name">hkbdevelopment.HandleHybridApp</div> <!-- chronological-class-name -->
              <div class="configuration-class before">
                <img src="failed.png">
                </img>
                <span class="method-name">configAppium</span>
                <span class="method-start">7298 ms</span>
              </div> <!-- configuration-class before -->
              <div class="test-method">
                <span class="method-name">handleHybridAppTest</span>
                <span class="method-start">7315 ms</span>
              </div> <!-- test-method -->
              <div class="configuration-class after">
                <span class="method-name">tearDown</span>
                <span class="method-start">7320 ms</span>
              </div> <!-- configuration-class after -->
            </div> <!-- chronological-class -->
            <div class="chronological-class">
              <div class="chronological-class-name">hkbdevelopment.HKB_Login_Test</div> <!-- chronological-class-name -->
              <div class="configuration-class before">
                <img src="failed.png">
                </img>
                <span class="method-name">configAppium</span>
                <span class="method-start">7353 ms</span>
              </div> <!-- configuration-class before -->
              <div class="test-method">
                <span class="method-name">Login_PositiveTest</span>
                <span class="method-start">7377 ms</span>
              </div> <!-- test-method -->
              <div class="configuration-class after">
                <span class="method-name">tearDown</span>
                <span class="method-start">7382 ms</span>
              </div> <!-- configuration-class after -->
            </div> <!-- chronological-class -->
            <div class="chronological-class">
              <div class="chronological-class-name">hkbdevelopment.HKB_Appium_Test</div> <!-- chronological-class-name -->
              <div class="configuration-class before">
                <img src="failed.png">
                </img>
                <span class="method-name">configAppium</span>
                <span class="method-start">7419 ms</span>
              </div> <!-- configuration-class before -->
              <div class="test-method">
                <span class="method-name">Appium_Test</span>
                <span class="method-start">7445 ms</span>
              </div> <!-- test-method -->
              <div class="configuration-class after">
                <span class="method-name">tearDown</span>
                <span class="method-start">7448 ms</span>
              </div> <!-- configuration-class after -->
            </div> <!-- chronological-class -->
            <div class="chronological-class">
              <div class="chronological-class-name">hkbdevelopment.SwipeDemo_Gesture</div> <!-- chronological-class-name -->
              <div class="configuration-class before">
                <img src="failed.png">
                </img>
                <span class="method-name">configAppium</span>
                <span class="method-start">7481 ms</span>
              </div> <!-- configuration-class before -->
              <div class="test-method">
                <span class="method-name">SwipeDemoGesture</span>
                <span class="method-start">7501 ms</span>
              </div> <!-- test-method -->
              <div class="configuration-class after">
                <span class="method-name">tearDown</span>
                <span class="method-start">7505 ms</span>
              </div> <!-- configuration-class after -->
          </div> <!-- main-panel-content rounded-window-bottom -->
        </div> <!-- panel -->
      </div> <!-- main-panel-root -->
    </div> <!-- wrapper -->
  </body>
<script type="text/javascript" src="testng-reports2.js"></script>
</html>
